# JRE version: Java(TM) SE Runtime Environment (8.0_231-b11) (build 1.8.0_231-b11)
# Java VM: Java HotSpot(TM) 64-Bit Server VM (25.231-b11 mixed mode windows-amd64 compressed oops)
Heap:
 PSYoungGen      total 90624K, used 58868K [0x00000000eaf00000, 0x00000000f2c80000, 0x0000000100000000)
  eden space 83968K, 70% used [0x00000000eaf00000,0x00000000ee87d1f8,0x00000000f0100000)
  from space 6656K, 0% used [0x00000000f0100000,0x00000000f0100000,0x00000000f0780000)
  to   space 6656K, 0% used [0x00000000f2600000,0x00000000f2600000,0x00000000f2c80000)
 ParOldGen       total 49664K, used 14768K [0x00000000c0c00000, 0x00000000c3c80000, 0x00000000eaf00000)
  object space 49664K, 29% used [0x00000000c0c00000,0x00000000c1a6c2a0,0x00000000c3c80000)
 Metaspace       used 37253K, capacity 39543K, committed 39720K, reserved 1083392K
  class space    used 5201K, capacity 5633K, committed 5672K, reserved 1048576K
GC Heap History (10 events):
Event: 15.423 GC heap before
{Heap before GC invocations=11 (full 1):
 PSYoungGen      total 65536K, used 61952K [0x00000000eaf00000, 0x00000000ef680000, 0x0000000100000000)
  eden space 61952K, 100% used [0x00000000eaf00000,0x00000000eeb80000,0x00000000eeb80000)
  from space 3584K, 0% used [0x00000000eee00000,0x00000000eee00000,0x00000000ef180000)
  to   space 5120K, 0% used [0x00000000ef180000,0x00000000ef180000,0x00000000ef680000)
 ParOldGen       total 32256K, used 7433K [0x00000000c0c00000, 0x00000000c2b80000, 0x00000000eaf00000)
  object space 32256K, 23% used [0x00000000c0c00000,0x00000000c13427f8,0x00000000c2b80000)
 Metaspace       used 24252K, capacity 25457K, committed 25600K, reserved 1071104K
  class space    used 3290K, capacity 3549K, committed 3584K, reserved 1048576K
Event: 15.431 GC heap after
Heap after GC invocations=11 (full 1):
 PSYoungGen      total 66560K, used 5115K [0x00000000eaf00000, 0x00000000f1000000, 0x0000000100000000)
  eden space 61440K, 0% used [0x00000000eaf00000,0x00000000eaf00000,0x00000000eeb00000)
  from space 5120K, 99% used [0x00000000ef180000,0x00000000ef67ec38,0x00000000ef680000)
  to   space 6656K, 0% used [0x00000000eeb00000,0x00000000eeb00000,0x00000000ef180000)
 ParOldGen       total 32256K, used 8289K [0x00000000c0c00000, 0x00000000c2b80000, 0x00000000eaf00000)
  object space 32256K, 25% used [0x00000000c0c00000,0x00000000c1418450,0x00000000c2b80000)
 Metaspace       used 24252K, capacity 25457K, committed 25600K, reserved 1071104K
  class space    used 3290K, capacity 3549K, committed 3584K, reserved 1048576K
}
Event: 16.407 GC heap before
{Heap before GC invocations=12 (full 1):
 PSYoungGen      total 66560K, used 66555K [0x00000000eaf00000, 0x00000000f1000000, 0x0000000100000000)
  eden space 61440K, 100% used [0x00000000eaf00000,0x00000000eeb00000,0x00000000eeb00000)
  from space 5120K, 99% used [0x00000000ef180000,0x00000000ef67ec38,0x00000000ef680000)
  to   space 6656K, 0% used [0x00000000eeb00000,0x00000000eeb00000,0x00000000ef180000)
 ParOldGen       total 32256K, used 8289K [0x00000000c0c00000, 0x00000000c2b80000, 0x00000000eaf00000)
  object space 32256K, 25% used [0x00000000c0c00000,0x00000000c1418450,0x00000000c2b80000)
 Metaspace       used 26166K, capacity 27885K, committed 28032K, reserved 1073152K
  class space    used 3534K, capacity 3861K, committed 3968K, reserved 1048576K
Event: 16.415 GC heap after
Heap after GC invocations=12 (full 1):
 PSYoungGen      total 68096K, used 2707K [0x00000000eaf00000, 0x00000000f0f00000, 0x0000000100000000)
  eden space 61440K, 0% used [0x00000000eaf00000,0x00000000eaf00000,0x00000000eeb00000)
  from space 6656K, 40% used [0x00000000eeb00000,0x00000000eeda4d88,0x00000000ef180000)
  to   space 6656K, 0% used [0x00000000f0880000,0x00000000f0880000,0x00000000f0f00000)
 ParOldGen       total 32256K, used 10821K [0x00000000c0c00000, 0x00000000c2b80000, 0x00000000eaf00000)
  object space 32256K, 33% used [0x00000000c0c00000,0x00000000c1691480,0x00000000c2b80000)
 Metaspace       used 26166K, capacity 27885K, committed 28032K, reserved 1073152K
  class space    used 3534K, capacity 3861K, committed 3968K, reserved 1048576K
}
Event: 20.636 GC heap before
{Heap before GC invocations=13 (full 1):
 PSYoungGen      total 68096K, used 64147K [0x00000000eaf00000, 0x00000000f0f00000, 0x0000000100000000)
  eden space 61440K, 100% used [0x00000000eaf00000,0x00000000eeb00000,0x00000000eeb00000)
  from space 6656K, 40% used [0x00000000eeb00000,0x00000000eeda4d88,0x00000000ef180000)
  to   space 6656K, 0% used [0x00000000f0880000,0x00000000f0880000,0x00000000f0f00000)
 ParOldGen       total 32256K, used 10821K [0x00000000c0c00000, 0x00000000c2b80000, 0x00000000eaf00000)
  object space 32256K, 33% used [0x00000000c0c00000,0x00000000c1691480,0x00000000c2b80000)
 Metaspace       used 30725K, capacity 32555K, committed 32768K, reserved 1077248K
  class space    used 4176K, capacity 4532K, committed 4608K, reserved 1048576K
Event: 20.651 GC heap after
Heap after GC invocations=13 (full 1):
 PSYoungGen      total 89600K, used 5631K [0x00000000eaf00000, 0x00000000f0e00000, 0x0000000100000000)
  eden space 83968K, 0% used [0x00000000eaf00000,0x00000000eaf00000,0x00000000f0100000)
  from space 5632K, 99% used [0x00000000f0880000,0x00000000f0dffe80,0x00000000f0e00000)
  to   space 6656K, 0% used [0x00000000f0100000,0x00000000f0100000,0x00000000f0780000)
 ParOldGen       total 32256K, used 11981K [0x00000000c0c00000, 0x00000000c2b80000, 0x00000000eaf00000)
  object space 32256K, 37% used [0x00000000c0c00000,0x00000000c17b34b0,0x00000000c2b80000)
 Metaspace       used 30725K, capacity 32555K, committed 32768K, reserved 1077248K
  class space    used 4176K, capacity 4532K, committed 4608K, reserved 1048576K
}
Event: 22.450 GC heap before
{Heap before GC invocations=14 (full 1):
 PSYoungGen      total 89600K, used 41986K [0x00000000eaf00000, 0x00000000f0e00000, 0x0000000100000000)
  eden space 83968K, 43% used [0x00000000eaf00000,0x00000000ed280a90,0x00000000f0100000)
  from space 5632K, 99% used [0x00000000f0880000,0x00000000f0dffe80,0x00000000f0e00000)
  to   space 6656K, 0% used [0x00000000f0100000,0x00000000f0100000,0x00000000f0780000)
 ParOldGen       total 32256K, used 11981K [0x00000000c0c00000, 0x00000000c2b80000, 0x00000000eaf00000)
  object space 32256K, 37% used [0x00000000c0c00000,0x00000000c17b34b0,0x00000000c2b80000)
 Metaspace       used 33460K, capacity 35411K, committed 35496K, reserved 1079296K
  class space    used 4654K, capacity 5016K, committed 5032K, reserved 1048576K
Event: 22.463 GC heap after
Heap after GC invocations=14 (full 1):
 PSYoungGen      total 90624K, used 3605K [0x00000000eaf00000, 0x00000000f2c80000, 0x0000000100000000)
  eden space 83968K, 0% used [0x00000000eaf00000,0x00000000eaf00000,0x00000000f0100000)
  from space 6656K, 54% used [0x00000000f0100000,0x00000000f04854e0,0x00000000f0780000)
  to   space 6656K, 0% used [0x00000000f2600000,0x00000000f2600000,0x00000000f2c80000)
 ParOldGen       total 32256K, used 14017K [0x00000000c0c00000, 0x00000000c2b80000, 0x00000000eaf00000)
  object space 32256K, 43% used [0x00000000c0c00000,0x00000000c19b06b8,0x00000000c2b80000)
 Metaspace       used 33460K, capacity 35411K, committed 35496K, reserved 1079296K
  class space    used 4654K, capacity 5016K, committed 5032K, reserved 1048576K
}
Event: 22.463 GC heap before
{Heap before GC invocations=15 (full 2):
 PSYoungGen      total 90624K, used 3605K [0x00000000eaf00000, 0x00000000f2c80000, 0x0000000100000000)
  eden space 83968K, 0% used [0x00000000eaf00000,0x00000000eaf00000,0x00000000f0100000)
  from space 6656K, 54% used [0x00000000f0100000,0x00000000f04854e0,0x00000000f0780000)
  to   space 6656K, 0% used [0x00000000f2600000,0x00000000f2600000,0x00000000f2c80000)
 ParOldGen       total 32256K, used 14017K [0x00000000c0c00000, 0x00000000c2b80000, 0x00000000eaf00000)
  object space 32256K, 43% used [0x00000000c0c00000,0x00000000c19b06b8,0x00000000c2b80000)
 Metaspace       used 33460K, capacity 35411K, committed 35496K, reserved 1079296K
  class space    used 4654K, capacity 5016K, committed 5032K, reserved 1048576K
Event: 22.545 GC heap after
Heap after GC invocations=15 (full 2):
 PSYoungGen      total 90624K, used 0K [0x00000000eaf00000, 0x00000000f2c80000, 0x0000000100000000)
  eden space 83968K, 0% used [0x00000000eaf00000,0x00000000eaf00000,0x00000000f0100000)
  from space 6656K, 0% used [0x00000000f0100000,0x00000000f0100000,0x00000000f0780000)
  to   space 6656K, 0% used [0x00000000f2600000,0x00000000f2600000,0x00000000f2c80000)
 ParOldGen       total 49664K, used 14768K [0x00000000c0c00000, 0x00000000c3c80000, 0x00000000eaf00000)
  object space 49664K, 29% used [0x00000000c0c00000,0x00000000c1a6c2a0,0x00000000c3c80000)
 Metaspace       used 33460K, capacity 35411K, committed 35496K, reserved 1079296K
  class space    used 4654K, capacity 5016K, committed 5032K, reserved 1048576K
}

