# JRE version: Java(TM) SE Runtime Environment (8.0_231-b11) (build 1.8.0_231-b11)
# Java VM: Java HotSpot(TM) 64-Bit Server VM (25.231-b11 mixed mode windows-amd64 compressed oops)
Heap:
 PSYoungGen      total 104960K, used 64651K [0x00000000eaf00000, 0x00000000f2080000, 0x0000000100000000)
  eden space 98816K, 65% used [0x00000000eaf00000,0x00000000eee22ff8,0x00000000f0f80000)
  from space 6144K, 0% used [0x00000000f1780000,0x00000000f1780000,0x00000000f1d80000)
  to   space 8192K, 0% used [0x00000000f0f80000,0x00000000f0f80000,0x00000000f1780000)
 ParOldGen       total 28672K, used 17254K [0x00000000c0c00000, 0x00000000c2800000, 0x00000000eaf00000)
  object space 28672K, 60% used [0x00000000c0c00000,0x00000000c1cd98e0,0x00000000c2800000)
 Metaspace       used 39343K, capacity 41576K, committed 41728K, reserved 1085440K
  class space    used 5424K, capacity 5829K, committed 5888K, reserved 1048576K
GC Heap History (10 events):
Event: 13.830 GC heap before
{Heap before GC invocations=14 (full 1):
 PSYoungGen      total 49152K, used 43008K [0x00000000eaf00000, 0x00000000ee500000, 0x0000000100000000)
  eden space 43008K, 100% used [0x00000000eaf00000,0x00000000ed900000,0x00000000ed900000)
  from space 6144K, 0% used [0x00000000edf00000,0x00000000edf00000,0x00000000ee500000)
  to   space 6144K, 0% used [0x00000000ed900000,0x00000000ed900000,0x00000000edf00000)
 ParOldGen       total 28672K, used 8188K [0x00000000c0c00000, 0x00000000c2800000, 0x00000000eaf00000)
  object space 28672K, 28% used [0x00000000c0c00000,0x00000000c13ff1f8,0x00000000c2800000)
 Metaspace       used 23114K, capacity 24286K, committed 24448K, reserved 1071104K
  class space    used 3104K, capacity 3365K, committed 3456K, reserved 1048576K
Event: 13.838 GC heap after
Heap after GC invocations=14 (full 1):
 PSYoungGen      total 49152K, used 4241K [0x00000000eaf00000, 0x00000000efc80000, 0x0000000100000000)
  eden space 43008K, 0% used [0x00000000eaf00000,0x00000000eaf00000,0x00000000ed900000)
  from space 6144K, 69% used [0x00000000ed900000,0x00000000edd247a8,0x00000000edf00000)
  to   space 6144K, 0% used [0x00000000ef680000,0x00000000ef680000,0x00000000efc80000)
 ParOldGen       total 28672K, used 8196K [0x00000000c0c00000, 0x00000000c2800000, 0x00000000eaf00000)
  object space 28672K, 28% used [0x00000000c0c00000,0x00000000c14011f8,0x00000000c2800000)
 Metaspace       used 23114K, capacity 24286K, committed 24448K, reserved 1071104K
  class space    used 3104K, capacity 3365K, committed 3456K, reserved 1048576K
}
Event: 15.086 GC heap before
{Heap before GC invocations=15 (full 1):
 PSYoungGen      total 49152K, used 47217K [0x00000000eaf00000, 0x00000000efc80000, 0x0000000100000000)
  eden space 43008K, 99% used [0x00000000eaf00000,0x00000000ed8f7e58,0x00000000ed900000)
  from space 6144K, 69% used [0x00000000ed900000,0x00000000edd247a8,0x00000000edf00000)
  to   space 6144K, 0% used [0x00000000ef680000,0x00000000ef680000,0x00000000efc80000)
 ParOldGen       total 28672K, used 8196K [0x00000000c0c00000, 0x00000000c2800000, 0x00000000eaf00000)
  object space 28672K, 28% used [0x00000000c0c00000,0x00000000c14011f8,0x00000000c2800000)
 Metaspace       used 25886K, capacity 27550K, committed 27648K, reserved 1073152K
  class space    used 3480K, capacity 3821K, committed 3840K, reserved 1048576K
Event: 15.095 GC heap after
Heap after GC invocations=15 (full 1):
 PSYoungGen      total 71168K, used 4134K [0x00000000eaf00000, 0x00000000efb80000, 0x0000000100000000)
  eden space 66048K, 0% used [0x00000000eaf00000,0x00000000eaf00000,0x00000000eef80000)
  from space 5120K, 80% used [0x00000000ef680000,0x00000000efa89868,0x00000000efb80000)
  to   space 6144K, 0% used [0x00000000eef80000,0x00000000eef80000,0x00000000ef580000)
 ParOldGen       total 28672K, used 9785K [0x00000000c0c00000, 0x00000000c2800000, 0x00000000eaf00000)
  object space 28672K, 34% used [0x00000000c0c00000,0x00000000c158e718,0x00000000c2800000)
 Metaspace       used 25886K, capacity 27550K, committed 27648K, reserved 1073152K
  class space    used 3480K, capacity 3821K, committed 3840K, reserved 1048576K
}
Event: 16.415 GC heap before
{Heap before GC invocations=16 (full 1):
 PSYoungGen      total 71168K, used 70182K [0x00000000eaf00000, 0x00000000efb80000, 0x0000000100000000)
  eden space 66048K, 100% used [0x00000000eaf00000,0x00000000eef80000,0x00000000eef80000)
  from space 5120K, 80% used [0x00000000ef680000,0x00000000efa89868,0x00000000efb80000)
  to   space 6144K, 0% used [0x00000000eef80000,0x00000000eef80000,0x00000000ef580000)
 ParOldGen       total 28672K, used 9785K [0x00000000c0c00000, 0x00000000c2800000, 0x00000000eaf00000)
  object space 28672K, 34% used [0x00000000c0c00000,0x00000000c158e718,0x00000000c2800000)
 Metaspace       used 29124K, capacity 30886K, committed 31232K, reserved 1077248K
  class space    used 3891K, capacity 4225K, committed 4352K, reserved 1048576K
Event: 16.430 GC heap after
Heap after GC invocations=16 (full 1):
 PSYoungGen      total 72192K, used 4004K [0x00000000eaf00000, 0x00000000f1d80000, 0x0000000100000000)
  eden space 66048K, 0% used [0x00000000eaf00000,0x00000000eaf00000,0x00000000eef80000)
  from space 6144K, 65% used [0x00000000eef80000,0x00000000ef369178,0x00000000ef580000)
  to   space 6144K, 0% used [0x00000000f1780000,0x00000000f1780000,0x00000000f1d80000)
 ParOldGen       total 28672K, used 11629K [0x00000000c0c00000, 0x00000000c2800000, 0x00000000eaf00000)
  object space 28672K, 40% used [0x00000000c0c00000,0x00000000c175b768,0x00000000c2800000)
 Metaspace       used 29124K, capacity 30886K, committed 31232K, reserved 1077248K
  class space    used 3891K, capacity 4225K, committed 4352K, reserved 1048576K
}
Event: 20.123 GC heap before
{Heap before GC invocations=17 (full 1):
 PSYoungGen      total 72192K, used 58863K [0x00000000eaf00000, 0x00000000f1d80000, 0x0000000100000000)
  eden space 66048K, 83% used [0x00000000eaf00000,0x00000000ee492c18,0x00000000eef80000)
  from space 6144K, 65% used [0x00000000eef80000,0x00000000ef369178,0x00000000ef580000)
  to   space 6144K, 0% used [0x00000000f1780000,0x00000000f1780000,0x00000000f1d80000)
 ParOldGen       total 28672K, used 11629K [0x00000000c0c00000, 0x00000000c2800000, 0x00000000eaf00000)
  object space 28672K, 40% used [0x00000000c0c00000,0x00000000c175b768,0x00000000c2800000)
 Metaspace       used 33556K, capacity 35464K, committed 35496K, reserved 1079296K
  class space    used 4491K, capacity 4846K, committed 4864K, reserved 1048576K
Event: 20.143 GC heap after
Heap after GC invocations=17 (full 1):
 PSYoungGen      total 104960K, used 6118K [0x00000000eaf00000, 0x00000000f2080000, 0x0000000100000000)
  eden space 98816K, 0% used [0x00000000eaf00000,0x00000000eaf00000,0x00000000f0f80000)
  from space 6144K, 99% used [0x00000000f1780000,0x00000000f1d79968,0x00000000f1d80000)
  to   space 8192K, 0% used [0x00000000f0f80000,0x00000000f0f80000,0x00000000f1780000)
 ParOldGen       total 28672K, used 13938K [0x00000000c0c00000, 0x00000000c2800000, 0x00000000eaf00000)
  object space 28672K, 48% used [0x00000000c0c00000,0x00000000c199ca18,0x00000000c2800000)
 Metaspace       used 33556K, capacity 35464K, committed 35496K, reserved 1079296K
  class space    used 4491K, capacity 4846K, committed 4864K, reserved 1048576K
}
Event: 20.143 GC heap before
{Heap before GC invocations=18 (full 2):
 PSYoungGen      total 104960K, used 6118K [0x00000000eaf00000, 0x00000000f2080000, 0x0000000100000000)
  eden space 98816K, 0% used [0x00000000eaf00000,0x00000000eaf00000,0x00000000f0f80000)
  from space 6144K, 99% used [0x00000000f1780000,0x00000000f1d79968,0x00000000f1d80000)
  to   space 8192K, 0% used [0x00000000f0f80000,0x00000000f0f80000,0x00000000f1780000)
 ParOldGen       total 28672K, used 13938K [0x00000000c0c00000, 0x00000000c2800000, 0x00000000eaf00000)
  object space 28672K, 48% used [0x00000000c0c00000,0x00000000c199ca18,0x00000000c2800000)
 Metaspace       used 33556K, capacity 35464K, committed 35496K, reserved 1079296K
  class space    used 4491K, capacity 4846K, committed 4864K, reserved 1048576K
Event: 20.525 GC heap after
Heap after GC invocations=18 (full 2):
 PSYoungGen      total 104960K, used 0K [0x00000000eaf00000, 0x00000000f2080000, 0x0000000100000000)
  eden space 98816K, 0% used [0x00000000eaf00000,0x00000000eaf00000,0x00000000f0f80000)
  from space 6144K, 0% used [0x00000000f1780000,0x00000000f1780000,0x00000000f1d80000)
  to   space 8192K, 0% used [0x00000000f0f80000,0x00000000f0f80000,0x00000000f1780000)
 ParOldGen       total 28672K, used 17254K [0x00000000c0c00000, 0x00000000c2800000, 0x00000000eaf00000)
  object space 28672K, 60% used [0x00000000c0c00000,0x00000000c1cd98e0,0x00000000c2800000)
 Metaspace       used 33556K, capacity 35464K, committed 35496K, reserved 1079296K
  class space    used 4491K, capacity 4846K, committed 4864K, reserved 1048576K
}

