# JRE version: Java(TM) SE Runtime Environment (8.0_231-b11) (build 1.8.0_231-b11)
# Java VM: Java HotSpot(TM) 64-Bit Server VM (25.231-b11 mixed mode windows-amd64 compressed oops)
Heap:
 PSYoungGen      total 70656K, used 14154K [0x00000000eaf00000, 0x00000000efa00000, 0x0000000100000000)
  eden space 65024K, 15% used [0x00000000eaf00000,0x00000000eb8f9538,0x00000000eee80000)
  from space 5632K, 69% used [0x00000000eee80000,0x00000000ef259618,0x00000000ef400000)
  to   space 5120K, 0% used [0x00000000ef400000,0x00000000ef400000,0x00000000ef900000)
 ParOldGen       total 44032K, used 8349K [0x00000000c0c00000, 0x00000000c3700000, 0x00000000eaf00000)
  object space 44032K, 18% used [0x00000000c0c00000,0x00000000c14275b0,0x00000000c3700000)
 Metaspace       used 19877K, capacity 20698K, committed 20736K, reserved 1067008K
  class space    used 2570K, capacity 2793K, committed 2816K, reserved 1048576K
GC Heap History (10 events):
Event: 6.249 GC heap after
Heap after GC invocations=4 (full 0):
 PSYoungGen      total 18944K, used 2560K [0x00000000eaf00000, 0x00000000ec400000, 0x0000000100000000)
  eden space 16384K, 0% used [0x00000000eaf00000,0x00000000eaf00000,0x00000000ebf00000)
  from space 2560K, 100% used [0x00000000ec180000,0x00000000ec400000,0x00000000ec400000)
  to   space 2560K, 0% used [0x00000000ebf00000,0x00000000ebf00000,0x00000000ec180000)
 ParOldGen       total 44032K, used 3811K [0x00000000c0c00000, 0x00000000c3700000, 0x00000000eaf00000)
  object space 44032K, 8% used [0x00000000c0c00000,0x00000000c0fb8fe0,0x00000000c3700000)
 Metaspace       used 14004K, capacity 14508K, committed 14720K, reserved 1062912K
  class space    used 1740K, capacity 1902K, committed 1920K, reserved 1048576K
}
Event: 6.738 GC heap before
{Heap before GC invocations=5 (full 0):
 PSYoungGen      total 18944K, used 18944K [0x00000000eaf00000, 0x00000000ec400000, 0x0000000100000000)
  eden space 16384K, 100% used [0x00000000eaf00000,0x00000000ebf00000,0x00000000ebf00000)
  from space 2560K, 100% used [0x00000000ec180000,0x00000000ec400000,0x00000000ec400000)
  to   space 2560K, 0% used [0x00000000ebf00000,0x00000000ebf00000,0x00000000ec180000)
 ParOldGen       total 44032K, used 3811K [0x00000000c0c00000, 0x00000000c3700000, 0x00000000eaf00000)
  object space 44032K, 8% used [0x00000000c0c00000,0x00000000c0fb8fe0,0x00000000c3700000)
 Metaspace       used 15659K, capacity 16190K, committed 16256K, reserved 1062912K
  class space    used 1959K, capacity 2111K, committed 2176K, reserved 1048576K
Event: 6.744 GC heap after
Heap after GC invocations=5 (full 0):
 PSYoungGen      total 18944K, used 2545K [0x00000000eaf00000, 0x00000000eda00000, 0x0000000100000000)
  eden space 16384K, 0% used [0x00000000eaf00000,0x00000000eaf00000,0x00000000ebf00000)
  from space 2560K, 99% used [0x00000000ebf00000,0x00000000ec17c560,0x00000000ec180000)
  to   space 5632K, 0% used [0x00000000ed480000,0x00000000ed480000,0x00000000eda00000)
 ParOldGen       total 44032K, used 5631K [0x00000000c0c00000, 0x00000000c3700000, 0x00000000eaf00000)
  object space 44032K, 12% used [0x00000000c0c00000,0x00000000c117ff98,0x00000000c3700000)
 Metaspace       used 15659K, capacity 16190K, committed 16256K, reserved 1062912K
  class space    used 1959K, capacity 2111K, committed 2176K, reserved 1048576K
}
Event: 7.169 GC heap before
{Heap before GC invocations=6 (full 0):
 PSYoungGen      total 18944K, used 18929K [0x00000000eaf00000, 0x00000000eda00000, 0x0000000100000000)
  eden space 16384K, 100% used [0x00000000eaf00000,0x00000000ebf00000,0x00000000ebf00000)
  from space 2560K, 99% used [0x00000000ebf00000,0x00000000ec17c560,0x00000000ec180000)
  to   space 5632K, 0% used [0x00000000ed480000,0x00000000ed480000,0x00000000eda00000)
 ParOldGen       total 44032K, used 5631K [0x00000000c0c00000, 0x00000000c3700000, 0x00000000eaf00000)
  object space 44032K, 12% used [0x00000000c0c00000,0x00000000c117ff98,0x00000000c3700000)
 Metaspace       used 16978K, capacity 17578K, committed 17792K, reserved 1064960K
  class space    used 2153K, capacity 2341K, committed 2432K, reserved 1048576K
Event: 7.182 GC heap after
Heap after GC invocations=6 (full 0):
 PSYoungGen      total 38400K, used 4233K [0x00000000eaf00000, 0x00000000eda00000, 0x0000000100000000)
  eden space 32768K, 0% used [0x00000000eaf00000,0x00000000eaf00000,0x00000000ecf00000)
  from space 5632K, 75% used [0x00000000ed480000,0x00000000ed8a2678,0x00000000eda00000)
  to   space 5632K, 0% used [0x00000000ecf00000,0x00000000ecf00000,0x00000000ed480000)
 ParOldGen       total 44032K, used 5631K [0x00000000c0c00000, 0x00000000c3700000, 0x00000000eaf00000)
  object space 44032K, 12% used [0x00000000c0c00000,0x00000000c117ff98,0x00000000c3700000)
 Metaspace       used 16978K, capacity 17578K, committed 17792K, reserved 1064960K
  class space    used 2153K, capacity 2341K, committed 2432K, reserved 1048576K
}
Event: 10.277 GC heap before
{Heap before GC invocations=7 (full 0):
 PSYoungGen      total 38400K, used 36991K [0x00000000eaf00000, 0x00000000eda00000, 0x0000000100000000)
  eden space 32768K, 99% used [0x00000000eaf00000,0x00000000ecefd710,0x00000000ecf00000)
  from space 5632K, 75% used [0x00000000ed480000,0x00000000ed8a2678,0x00000000eda00000)
  to   space 5632K, 0% used [0x00000000ecf00000,0x00000000ecf00000,0x00000000ed480000)
 ParOldGen       total 44032K, used 5631K [0x00000000c0c00000, 0x00000000c3700000, 0x00000000eaf00000)
  object space 44032K, 12% used [0x00000000c0c00000,0x00000000c117ff98,0x00000000c3700000)
 Metaspace       used 18688K, capacity 19406K, committed 19584K, reserved 1067008K
  class space    used 2402K, capacity 2589K, committed 2688K, reserved 1048576K
Event: 10.319 GC heap after
Heap after GC invocations=7 (full 0):
 PSYoungGen      total 38400K, used 3567K [0x00000000eaf00000, 0x00000000ef900000, 0x0000000100000000)
  eden space 32768K, 0% used [0x00000000eaf00000,0x00000000eaf00000,0x00000000ecf00000)
  from space 5632K, 63% used [0x00000000ecf00000,0x00000000ed27bfc8,0x00000000ed480000)
  to   space 5120K, 0% used [0x00000000ef400000,0x00000000ef400000,0x00000000ef900000)
 ParOldGen       total 44032K, used 7170K [0x00000000c0c00000, 0x00000000c3700000, 0x00000000eaf00000)
  object space 44032K, 16% used [0x00000000c0c00000,0x00000000c1300b80,0x00000000c3700000)
 Metaspace       used 18688K, capacity 19406K, committed 19584K, reserved 1067008K
  class space    used 2402K, capacity 2589K, committed 2688K, reserved 1048576K
}
Event: 11.144 GC heap before
{Heap before GC invocations=8 (full 0):
 PSYoungGen      total 38400K, used 36335K [0x00000000eaf00000, 0x00000000ef900000, 0x0000000100000000)
  eden space 32768K, 100% used [0x00000000eaf00000,0x00000000ecf00000,0x00000000ecf00000)
  from space 5632K, 63% used [0x00000000ecf00000,0x00000000ed27bfc8,0x00000000ed480000)
  to   space 5120K, 0% used [0x00000000ef400000,0x00000000ef400000,0x00000000ef900000)
 ParOldGen       total 44032K, used 7170K [0x00000000c0c00000, 0x00000000c3700000, 0x00000000eaf00000)
  object space 44032K, 16% used [0x00000000c0c00000,0x00000000c1300b80,0x00000000c3700000)
 Metaspace       used 19157K, capacity 19854K, committed 20096K, reserved 1067008K
  class space    used 2448K, capacity 2653K, committed 2688K, reserved 1048576K
Event: 11.151 GC heap after
Heap after GC invocations=8 (full 0):
 PSYoungGen      total 70144K, used 2278K [0x00000000eaf00000, 0x00000000efa00000, 0x0000000100000000)
  eden space 65024K, 0% used [0x00000000eaf00000,0x00000000eaf00000,0x00000000eee80000)
  from space 5120K, 44% used [0x00000000ef400000,0x00000000ef6399a0,0x00000000ef900000)
  to   space 5632K, 0% used [0x00000000eee80000,0x00000000eee80000,0x00000000ef400000)
 ParOldGen       total 44032K, used 7765K [0x00000000c0c00000, 0x00000000c3700000, 0x00000000eaf00000)
  object space 44032K, 17% used [0x00000000c0c00000,0x00000000c1395590,0x00000000c3700000)
 Metaspace       used 19157K, capacity 19854K, committed 20096K, reserved 1067008K
  class space    used 2448K, capacity 2653K, committed 2688K, reserved 1048576K
}
Event: 12.446 GC heap before
{Heap before GC invocations=9 (full 0):
 PSYoungGen      total 70144K, used 67302K [0x00000000eaf00000, 0x00000000efa00000, 0x0000000100000000)
  eden space 65024K, 100% used [0x00000000eaf00000,0x00000000eee80000,0x00000000eee80000)
  from space 5120K, 44% used [0x00000000ef400000,0x00000000ef6399a0,0x00000000ef900000)
  to   space 5632K, 0% used [0x00000000eee80000,0x00000000eee80000,0x00000000ef400000)
 ParOldGen       total 44032K, used 7765K [0x00000000c0c00000, 0x00000000c3700000, 0x00000000eaf00000)
  object space 44032K, 17% used [0x00000000c0c00000,0x00000000c1395590,0x00000000c3700000)
 Metaspace       used 19851K, capacity 20666K, committed 20736K, reserved 1067008K
  class space    used 2564K, capacity 2761K, committed 2816K, reserved 1048576K

