# JRE version: Java(TM) SE Runtime Environment (8.0_231-b11) (build 1.8.0_231-b11)
# Java VM: Java HotSpot(TM) 64-Bit Server VM (25.231-b11 mixed mode windows-amd64 compressed oops)
Heap:
 PSYoungGen      total 123392K, used 61882K [0x00000000eaf00000, 0x00000000f3800000, 0x0000000100000000)
  eden space 117248K, 52% used [0x00000000eaf00000,0x00000000eeb6eae0,0x00000000f2180000)
  from space 6144K, 0% used [0x00000000f2a00000,0x00000000f2a00000,0x00000000f3000000)
  to   space 8704K, 0% used [0x00000000f2180000,0x00000000f2180000,0x00000000f2a00000)
 ParOldGen       total 46080K, used 18494K [0x00000000c0c00000, 0x00000000c3900000, 0x00000000eaf00000)
  object space 46080K, 40% used [0x00000000c0c00000,0x00000000c1e0f950,0x00000000c3900000)
 Metaspace       used 38918K, capacity 41120K, committed 41472K, reserved 1085440K
  class space    used 5355K, capacity 5765K, committed 5888K, reserved 1048576K
GC Heap History (10 events):
Event: 13.205 GC heap before
{Heap before GC invocations=12 (full 1):
 PSYoungGen      total 58368K, used 1866K [0x00000000eaf00000, 0x00000000f0c80000, 0x0000000100000000)
  eden space 52736K, 0% used [0x00000000eaf00000,0x00000000eaf00000,0x00000000ee280000)
  from space 5632K, 33% used [0x00000000ee280000,0x00000000ee452bf8,0x00000000ee800000)
  to   space 5632K, 0% used [0x00000000f0700000,0x00000000f0700000,0x00000000f0c80000)
 ParOldGen       total 44032K, used 11455K [0x00000000c0c00000, 0x00000000c3700000, 0x00000000eaf00000)
  object space 44032K, 26% used [0x00000000c0c00000,0x00000000c172fd00,0x00000000c3700000)
 Metaspace       used 20341K, capacity 21214K, committed 21296K, reserved 1067008K
  class space    used 2674K, capacity 2881K, committed 2944K, reserved 1048576K
Event: 13.286 GC heap after
Heap after GC invocations=12 (full 1):
 PSYoungGen      total 58368K, used 0K [0x00000000eaf00000, 0x00000000f0c80000, 0x0000000100000000)
  eden space 52736K, 0% used [0x00000000eaf00000,0x00000000eaf00000,0x00000000ee280000)
  from space 5632K, 0% used [0x00000000ee280000,0x00000000ee280000,0x00000000ee800000)
  to   space 5632K, 0% used [0x00000000f0700000,0x00000000f0700000,0x00000000f0c80000)
 ParOldGen       total 29696K, used 8603K [0x00000000c0c00000, 0x00000000c2900000, 0x00000000eaf00000)
  object space 29696K, 28% used [0x00000000c0c00000,0x00000000c1466e20,0x00000000c2900000)
 Metaspace       used 20337K, capacity 21202K, committed 21296K, reserved 1067008K
  class space    used 2673K, capacity 2879K, committed 2944K, reserved 1048576K
}
Event: 14.851 GC heap before
{Heap before GC invocations=13 (full 1):
 PSYoungGen      total 58368K, used 52736K [0x00000000eaf00000, 0x00000000f0c80000, 0x0000000100000000)
  eden space 52736K, 100% used [0x00000000eaf00000,0x00000000ee280000,0x00000000ee280000)
  from space 5632K, 0% used [0x00000000ee280000,0x00000000ee280000,0x00000000ee800000)
  to   space 5632K, 0% used [0x00000000f0700000,0x00000000f0700000,0x00000000f0c80000)
 ParOldGen       total 29696K, used 8603K [0x00000000c0c00000, 0x00000000c2900000, 0x00000000eaf00000)
  object space 29696K, 28% used [0x00000000c0c00000,0x00000000c1466e20,0x00000000c2900000)
 Metaspace       used 23907K, capacity 25124K, committed 25344K, reserved 1071104K
  class space    used 3226K, capacity 3498K, committed 3584K, reserved 1048576K
Event: 14.858 GC heap after
Heap after GC invocations=13 (full 1):
 PSYoungGen      total 85504K, used 5422K [0x00000000eaf00000, 0x00000000f0c80000, 0x0000000100000000)
  eden space 79872K, 0% used [0x00000000eaf00000,0x00000000eaf00000,0x00000000efd00000)
  from space 5632K, 96% used [0x00000000f0700000,0x00000000f0c4bb00,0x00000000f0c80000)
  to   space 6144K, 0% used [0x00000000f0080000,0x00000000f0080000,0x00000000f0680000)
 ParOldGen       total 29696K, used 8611K [0x00000000c0c00000, 0x00000000c2900000, 0x00000000eaf00000)
  object space 29696K, 28% used [0x00000000c0c00000,0x00000000c1468e20,0x00000000c2900000)
 Metaspace       used 23907K, capacity 25124K, committed 25344K, reserved 1071104K
  class space    used 3226K, capacity 3498K, committed 3584K, reserved 1048576K
}
Event: 16.178 GC heap before
{Heap before GC invocations=14 (full 1):
 PSYoungGen      total 85504K, used 85294K [0x00000000eaf00000, 0x00000000f0c80000, 0x0000000100000000)
  eden space 79872K, 100% used [0x00000000eaf00000,0x00000000efd00000,0x00000000efd00000)
  from space 5632K, 96% used [0x00000000f0700000,0x00000000f0c4bb00,0x00000000f0c80000)
  to   space 6144K, 0% used [0x00000000f0080000,0x00000000f0080000,0x00000000f0680000)
 ParOldGen       total 29696K, used 8611K [0x00000000c0c00000, 0x00000000c2900000, 0x00000000eaf00000)
  object space 29696K, 28% used [0x00000000c0c00000,0x00000000c1468e20,0x00000000c2900000)
 Metaspace       used 26832K, capacity 28454K, committed 28544K, reserved 1073152K
  class space    used 3618K, capacity 3931K, committed 3968K, reserved 1048576K
Event: 16.190 GC heap after
Heap after GC invocations=14 (full 1):
 PSYoungGen      total 89600K, used 4226K [0x00000000eaf00000, 0x00000000f3000000, 0x0000000100000000)
  eden space 83456K, 0% used [0x00000000eaf00000,0x00000000eaf00000,0x00000000f0080000)
  from space 6144K, 68% used [0x00000000f0080000,0x00000000f04a0810,0x00000000f0680000)
  to   space 6144K, 0% used [0x00000000f2a00000,0x00000000f2a00000,0x00000000f3000000)
 ParOldGen       total 29696K, used 10747K [0x00000000c0c00000, 0x00000000c2900000, 0x00000000eaf00000)
  object space 29696K, 36% used [0x00000000c0c00000,0x00000000c167ee40,0x00000000c2900000)
 Metaspace       used 26832K, capacity 28454K, committed 28544K, reserved 1073152K
  class space    used 3618K, capacity 3931K, committed 3968K, reserved 1048576K
}
Event: 21.827 GC heap before
{Heap before GC invocations=15 (full 1):
 PSYoungGen      total 89600K, used 79886K [0x00000000eaf00000, 0x00000000f3000000, 0x0000000100000000)
  eden space 83456K, 90% used [0x00000000eaf00000,0x00000000ef8e3160,0x00000000f0080000)
  from space 6144K, 68% used [0x00000000f0080000,0x00000000f04a0810,0x00000000f0680000)
  to   space 6144K, 0% used [0x00000000f2a00000,0x00000000f2a00000,0x00000000f3000000)
 ParOldGen       total 29696K, used 10747K [0x00000000c0c00000, 0x00000000c2900000, 0x00000000eaf00000)
  object space 29696K, 36% used [0x00000000c0c00000,0x00000000c167ee40,0x00000000c2900000)
 Metaspace       used 33572K, capacity 35454K, committed 35496K, reserved 1079296K
  class space    used 4501K, capacity 4845K, committed 4864K, reserved 1048576K
Event: 21.843 GC heap after
Heap after GC invocations=15 (full 1):
 PSYoungGen      total 123392K, used 6112K [0x00000000eaf00000, 0x00000000f3800000, 0x0000000100000000)
  eden space 117248K, 0% used [0x00000000eaf00000,0x00000000eaf00000,0x00000000f2180000)
  from space 6144K, 99% used [0x00000000f2a00000,0x00000000f2ff83b8,0x00000000f3000000)
  to   space 8704K, 0% used [0x00000000f2180000,0x00000000f2180000,0x00000000f2a00000)
 ParOldGen       total 29696K, used 15714K [0x00000000c0c00000, 0x00000000c2900000, 0x00000000eaf00000)
  object space 29696K, 52% used [0x00000000c0c00000,0x00000000c1b58b60,0x00000000c2900000)
 Metaspace       used 33572K, capacity 35454K, committed 35496K, reserved 1079296K
  class space    used 4501K, capacity 4845K, committed 4864K, reserved 1048576K
}
Event: 21.843 GC heap before
{Heap before GC invocations=16 (full 2):
 PSYoungGen      total 123392K, used 6112K [0x00000000eaf00000, 0x00000000f3800000, 0x0000000100000000)
  eden space 117248K, 0% used [0x00000000eaf00000,0x00000000eaf00000,0x00000000f2180000)
  from space 6144K, 99% used [0x00000000f2a00000,0x00000000f2ff83b8,0x00000000f3000000)
  to   space 8704K, 0% used [0x00000000f2180000,0x00000000f2180000,0x00000000f2a00000)
 ParOldGen       total 29696K, used 15714K [0x00000000c0c00000, 0x00000000c2900000, 0x00000000eaf00000)
  object space 29696K, 52% used [0x00000000c0c00000,0x00000000c1b58b60,0x00000000c2900000)
 Metaspace       used 33572K, capacity 35454K, committed 35496K, reserved 1079296K
  class space    used 4501K, capacity 4845K, committed 4864K, reserved 1048576K
Event: 21.935 GC heap after
Heap after GC invocations=16 (full 2):
 PSYoungGen      total 123392K, used 0K [0x00000000eaf00000, 0x00000000f3800000, 0x0000000100000000)
  eden space 117248K, 0% used [0x00000000eaf00000,0x00000000eaf00000,0x00000000f2180000)
  from space 6144K, 0% used [0x00000000f2a00000,0x00000000f2a00000,0x00000000f3000000)
  to   space 8704K, 0% used [0x00000000f2180000,0x00000000f2180000,0x00000000f2a00000)
 ParOldGen       total 46080K, used 18494K [0x00000000c0c00000, 0x00000000c3900000, 0x00000000eaf00000)
  object space 46080K, 40% used [0x00000000c0c00000,0x00000000c1e0f950,0x00000000c3900000)
 Metaspace       used 33572K, capacity 35454K, committed 35496K, reserved 1079296K
  class space    used 4501K, capacity 4845K, committed 4864K, reserved 1048576K
}

